<?xml version="1.0" encoding="UTF-8"?>
<robot generator="Robot 3.1.2 (Python 3.7.7 on darwin)" generated="20200611 11:45:19.427" rpa="false">
<suite id="s1" name="Create Contact Ui" source="/Users/kselvocki/github/Volunteers-for-Salesforce/robot/v4s/tests/browser/Contact/create_contact_ui.robot">
<kw name="Run Keywords" library="BuiltIn" type="setup">
<doc>Executes all the given keywords in a sequence.</doc>
<arguments>
<arg>Open Test Browser</arg>
<arg>Setup Test Data</arg>
</arguments>
<kw name="Open Test Browser" library="Salesforce">
<doc>Opens a test browser to the org.</doc>
<kw name="Login Url" library="cumulusci.robotframework.CumulusCI">
<doc>Returns the login url which will automatically log into the target
Salesforce org.  By default, the org_name passed to the library
constructor is used but this can be overridden with the org option
to log into a different org.</doc>
<assign>
<var>${login_url}</var>
</assign>
<msg timestamp="20200611 11:45:19.824" level="INFO">${login_url} = https://saas-computing-7309-dev-ed.cs46.my.salesforce.com//secur/frontdoor.jsp?sid=00D9A00000056vK!AQYAQK.FTpuG92YNI9QqV8tiTt_eep6uvmcmY5fQFi_BfTKq1XhGwx9uKu9G6i1z1tDf2kFgwQLT9_xUTBQ_zdDi9R9o0rAb</msg>
<status status="PASS" starttime="20200611 11:45:19.824" endtime="20200611 11:45:19.824"></status>
</kw>
<kw name="Run Keyword If" library="BuiltIn">
<doc>Runs the given keyword with the given arguments, if ``condition`` is true.</doc>
<arguments>
<arg>'${BROWSER}' == 'chrome'</arg>
<arg>Open Test Browser Chrome</arg>
<arg>${login_url}</arg>
<arg>alias=${alias}</arg>
<arg>ELSE IF</arg>
<arg>'${BROWSER}' == 'firefox'</arg>
<arg>Open Test Browser Firefox</arg>
<arg>${login_url}</arg>
<arg>alias=${alias}</arg>
<arg>ELSE IF</arg>
<arg>'${BROWSER}' == 'headlesschrome'</arg>
<arg>Open Test Browser Chrome</arg>
<arg>${login_url}</arg>
<arg>alias=${alias}</arg>
<arg>ELSE IF</arg>
<arg>'${BROWSER}' == 'headlessfirefox'</arg>
<arg>Open Test Browser Headless Firefox</arg>
<arg>${login_url}</arg>
<arg>alias=${alias}</arg>
<arg>ELSE</arg>
<arg>Open Browser</arg>
<arg>${login_url}</arg>
<arg>${BROWSER}</arg>
<arg>alias=${alias}</arg>
</arguments>
<kw name="Open Test Browser Chrome" library="Salesforce">
<arguments>
<arg>${login_url}</arg>
<arg>alias=${alias}</arg>
</arguments>
<kw name="Get Chrome Options" library="Salesforce">
<assign>
<var>${options}</var>
</assign>
<kw name="Evaluate" library="BuiltIn">
<doc>Evaluates the given expression in Python and returns the results.</doc>
<arguments>
<arg>selenium.webdriver.ChromeOptions()</arg>
<arg>modules=selenium</arg>
</arguments>
<assign>
<var>${options}</var>
</assign>
<msg timestamp="20200611 11:45:19.826" level="INFO">${options} = &lt;selenium.webdriver.chrome.options.Options object at 0x115dd4510&gt;</msg>
<status status="PASS" starttime="20200611 11:45:19.826" endtime="20200611 11:45:19.826"></status>
</kw>
<kw name="Run Keyword If" library="BuiltIn">
<doc>Runs the given keyword with the given arguments, if ``condition`` is true.</doc>
<arguments>
<arg>'${BROWSER}' == 'headlesschrome'</arg>
<arg>Chrome Set Headless</arg>
<arg>${options}</arg>
</arguments>
<status status="PASS" starttime="20200611 11:45:19.826" endtime="20200611 11:45:19.827"></status>
</kw>
<kw name="Run Keyword If" library="BuiltIn">
<doc>Runs the given keyword with the given arguments, if ``condition`` is true.</doc>
<arguments>
<arg>'${CHROME_BINARY}' != '${empty}'</arg>
<arg>Chrome Set Binary</arg>
<arg>${options}</arg>
</arguments>
<status status="PASS" starttime="20200611 11:45:19.827" endtime="20200611 11:45:19.827"></status>
</kw>
<kw name="Call Method" library="BuiltIn">
<doc>Calls the named method of the given object with the provided arguments.</doc>
<arguments>
<arg>${options}</arg>
<arg>add_argument</arg>
<arg>--disable-notifications</arg>
</arguments>
<status status="PASS" starttime="20200611 11:45:19.827" endtime="20200611 11:45:19.828"></status>
</kw>
<msg timestamp="20200611 11:45:19.828" level="INFO">${options} = &lt;selenium.webdriver.chrome.options.Options object at 0x115dd4510&gt;</msg>
<status status="PASS" starttime="20200611 11:45:19.825" endtime="20200611 11:45:19.828"></status>
</kw>
<kw name="Create Webdriver With Retry" library="cumulusci.robotframework.Salesforce">
<doc>Call the Create Webdriver keyword.</doc>
<arguments>
<arg>Chrome</arg>
<arg>options=${options}</arg>
<arg>alias=${alias}</arg>
</arguments>
<msg timestamp="20200611 11:45:19.828" level="INFO">Creating an instance of the Chrome WebDriver.</msg>
<status status="PASS" starttime="20200611 11:45:19.828" endtime="20200611 11:45:21.764"></status>
</kw>
<kw name="Set Selenium Implicit Wait" library="SeleniumLibrary">
<doc>Sets the implicit wait value used by Selenium.</doc>
<arguments>
<arg>${IMPLICIT_WAIT}</arg>
</arguments>
<status status="PASS" starttime="20200611 11:45:21.765" endtime="20200611 11:45:21.767"></status>
</kw>
<kw name="Set Selenium Timeout" library="SeleniumLibrary">
<doc>Sets the timeout that is used by various keywords.</doc>
<arguments>
<arg>${TIMEOUT}</arg>
</arguments>
<status status="PASS" starttime="20200611 11:45:21.768" endtime="20200611 11:45:21.769"></status>
</kw>
<kw name="Go To" library="SeleniumLibrary">
<doc>Navigates the current browser window to the provided ``url``.</doc>
<arguments>
<arg>${login_url}</arg>
</arguments>
<msg timestamp="20200611 11:45:21.770" level="INFO">Opening url 'https://saas-computing-7309-dev-ed.cs46.my.salesforce.com//secur/frontdoor.jsp?sid=00D9A00000056vK!AQYAQK.FTpuG92YNI9QqV8tiTt_eep6uvmcmY5fQFi_BfTKq1XhGwx9uKu9G6i1z1tDf2kFgwQLT9_xUTBQ_zdDi9R9o0rAb'</msg>
<status status="PASS" starttime="20200611 11:45:21.770" endtime="20200611 11:45:23.465"></status>
</kw>
<status status="PASS" starttime="20200611 11:45:19.825" endtime="20200611 11:45:23.465"></status>
</kw>
<status status="PASS" starttime="20200611 11:45:19.825" endtime="20200611 11:45:23.465"></status>
</kw>
<kw name="Convert To Boolean" library="BuiltIn">
<doc>Converts the given item to Boolean true or false.</doc>
<arguments>
<arg>${wait}</arg>
</arguments>
<assign>
<var>${should_wait}</var>
</assign>
<msg timestamp="20200611 11:45:23.466" level="INFO">${should_wait} = True</msg>
<status status="PASS" starttime="20200611 11:45:23.465" endtime="20200611 11:45:23.466"></status>
</kw>
<kw name="Run Keyword If" library="BuiltIn">
<doc>Runs the given keyword with the given arguments, if ``condition`` is true.</doc>
<arguments>
<arg>$should_wait</arg>
<arg>Wait Until Salesforce Is Ready</arg>
<arg>timeout=180</arg>
</arguments>
<kw name="Wait Until Salesforce Is Ready" library="cumulusci.robotframework.Salesforce">
<doc>Waits until we are able to render the initial salesforce landing page</doc>
<arguments>
<arg>timeout=180</arg>
</arguments>
<status status="PASS" starttime="20200611 11:45:23.473" endtime="20200611 11:45:27.551"></status>
</kw>
<status status="PASS" starttime="20200611 11:45:23.466" endtime="20200611 11:45:27.551"></status>
</kw>
<kw name="Set Selenium Timeout" library="SeleniumLibrary">
<doc>Sets the timeout that is used by various keywords.</doc>
<arguments>
<arg>${TIMEOUT}</arg>
</arguments>
<status status="PASS" starttime="20200611 11:45:27.551" endtime="20200611 11:45:27.554"></status>
</kw>
<kw name="Initialize Location Strategies" library="cumulusci.robotframework.Salesforce">
<doc>Initialize the Salesforce location strategies 'text' and 'title'
plus any strategies registered by other keyword libraries</doc>
<status status="PASS" starttime="20200611 11:45:27.554" endtime="20200611 11:45:27.561"></status>
</kw>
<kw name="Split String" library="String">
<doc>Splits the ``string`` using ``separator`` as a delimiter string.</doc>
<arguments>
<arg>${size}</arg>
<arg>separator=x</arg>
<arg>max_split=1</arg>
</arguments>
<assign>
<var>${width}</var>
<var>${height}</var>
</assign>
<msg timestamp="20200611 11:45:27.562" level="INFO">${width} = 1280</msg>
<msg timestamp="20200611 11:45:27.562" level="INFO">${height} = 1024</msg>
<status status="PASS" starttime="20200611 11:45:27.561" endtime="20200611 11:45:27.562"></status>
</kw>
<kw name="Set Window Size" library="SeleniumLibrary">
<doc>Sets current windows size to given ``width`` and ``height``.</doc>
<arguments>
<arg>${width}</arg>
<arg>${height}</arg>
</arguments>
<status status="PASS" starttime="20200611 11:45:27.562" endtime="20200611 11:45:27.899"></status>
</kw>
<kw name="Set Selenium Speed" library="SeleniumLibrary">
<doc>Sets the delay that is waited after each Selenium command.</doc>
<arguments>
<arg>${SELENIUM_SPEED}</arg>
</arguments>
<status status="PASS" starttime="20200611 11:45:27.899" endtime="20200611 11:45:27.900"></status>
</kw>
<kw name="Log Browser Capabilities" library="cumulusci.robotframework.Salesforce">
<doc>Logs all of the browser capabilities as reported by selenium</doc>
<msg timestamp="20200611 11:45:27.901" level="INFO">selenium browser capabilities:
{   'acceptInsecureCerts': False,
    'browserName': 'chrome',
    'browserVersion': '83.0.4103.97',
    'chrome': {   'chromedriverVersion': '83.0.4103.39 '
                                         '(ccbf011cb2d2b19b506d844400483861342c20cd-refs/branch-heads/4103@{#416})',
                  'userDataDir': '/var/folders/88/rs75dtz13wg6fz2x22cvdpp80000gq/T/.com.google.Chrome.LYqmfD'},
    'goog:chromeOptions': {'debuggerAddress': 'localhost:57984'},
    'networkConnectionEnabled': False,
    'pageLoadStrategy': 'normal',
    'platformName': 'mac os x',
    'proxy': {},
    'setWindowRect': True,
    'strictFileInteractability': False,
    'timeouts': {'implicit': 0, 'pageLoad': 300000, 'script': 30000},
    'unhandledPromptBehavior': 'dismiss and notify',
    'webauthn:virtualAuthenticators': True}</msg>
<status status="PASS" starttime="20200611 11:45:27.900" endtime="20200611 11:45:27.901"></status>
</kw>
<status status="PASS" starttime="20200611 11:45:19.823" endtime="20200611 11:45:27.902"></status>
</kw>
<kw name="Setup Test Data">
<kw name="Generate Random String" library="String">
<doc>Generates a string with a desired ``length`` from the given ``chars``.</doc>
<assign>
<var>${First Name}</var>
</assign>
<msg timestamp="20200611 11:45:27.903" level="INFO">${First Name} = KZFUZMym</msg>
<status status="PASS" starttime="20200611 11:45:27.903" endtime="20200611 11:45:27.903"></status>
</kw>
<kw name="Set Suite Variable" library="BuiltIn">
<doc>Makes a variable available everywhere within the scope of the current suite.</doc>
<arguments>
<arg>${First Name}</arg>
</arguments>
<msg timestamp="20200611 11:45:27.904" level="INFO">${First Name} = KZFUZMym</msg>
<status status="PASS" starttime="20200611 11:45:27.904" endtime="20200611 11:45:27.904"></status>
</kw>
<kw name="Generate Random String" library="String">
<doc>Generates a string with a desired ``length`` from the given ``chars``.</doc>
<assign>
<var>${Last Name}</var>
</assign>
<msg timestamp="20200611 11:45:27.905" level="INFO">${Last Name} = WqiGdUeW</msg>
<status status="PASS" starttime="20200611 11:45:27.904" endtime="20200611 11:45:27.905"></status>
</kw>
<kw name="Set Suite Variable" library="BuiltIn">
<doc>Makes a variable available everywhere within the scope of the current suite.</doc>
<arguments>
<arg>${Last Name}</arg>
</arguments>
<msg timestamp="20200611 11:45:27.905" level="INFO">${Last Name} = WqiGdUeW</msg>
<status status="PASS" starttime="20200611 11:45:27.905" endtime="20200611 11:45:27.905"></status>
</kw>
<status status="PASS" starttime="20200611 11:45:27.902" endtime="20200611 11:45:27.905"></status>
</kw>
<status status="PASS" starttime="20200611 11:45:19.823" endtime="20200611 11:45:27.905"></status>
</kw>
<test id="s1-t1" name="Create a Contact via UI">
<kw name="Go To Page" library="cumulusci.robotframework.PageObjects">
<doc>Go to the page of the given page object.</doc>
<arguments>
<arg>Listing</arg>
<arg>Contact</arg>
</arguments>
<msg timestamp="20200611 11:45:27.933" level="INFO">Opening url 'https://saas-computing-7309-dev-ed.lightning.force.com/lightning/o/Contact/list'</msg>
<status status="PASS" starttime="20200611 11:45:27.907" endtime="20200611 11:45:30.519"></status>
</kw>
<kw name="Click Object Button" library="cumulusci.robotframework.Salesforce">
<doc>Clicks a button in an object's actions.</doc>
<arguments>
<arg>New</arg>
</arguments>
<status status="PASS" starttime="20200611 11:45:30.519" endtime="20200611 11:45:30.821"></status>
</kw>
<kw name="Wait For Modal" library="cumulusci.robotframework.PageObjects">
<doc>Wait for the given page object modal to appear.</doc>
<arguments>
<arg>New</arg>
<arg>Contact</arg>
</arguments>
<msg timestamp="20200611 11:45:31.876" level="INFO">Slept 1 second</msg>
<status status="PASS" starttime="20200611 11:45:30.822" endtime="20200611 11:45:31.876"></status>
</kw>
<kw name="Populate Form" library="ContactNewPage">
<doc>Populate the modal form</doc>
<arguments>
<arg>First Name=${First Name}</arg>
<arg>Last Name=${Last Name}</arg>
<arg>Mobile=5556667777</arg>
</arguments>
<status status="PASS" starttime="20200611 11:45:31.876" endtime="20200611 11:45:34.731"></status>
</kw>
<kw name="Populate Field" library="ContactNewPage">
<doc>Populate a field on the modal form</doc>
<arguments>
<arg>Email</arg>
<arg>test@example.com</arg>
</arguments>
<status status="PASS" starttime="20200611 11:45:34.732" endtime="20200611 11:45:35.723"></status>
</kw>
<kw name="Click Modal Button" library="ContactNewPage">
<doc>Click the named modal button (Save, Save &amp; New, Cancel, etc)</doc>
<arguments>
<arg>Save</arg>
</arguments>
<status status="PASS" starttime="20200611 11:45:35.724" endtime="20200611 11:45:35.848"></status>
</kw>
<kw name="Wait Until Modal Is Closed" library="ContactNewPage">
<doc>Waits until the modal is no longer visible</doc>
<status status="PASS" starttime="20200611 11:45:35.848" endtime="20200611 11:45:44.415"></status>
</kw>
<status status="PASS" starttime="20200611 11:45:27.906" endtime="20200611 11:45:44.416" critical="yes"></status>
</test>
<test id="s1-t2" name="Verify Contact Detail Page">
<kw name="Go To Page" library="cumulusci.robotframework.PageObjects">
<doc>Go to the page of the given page object.</doc>
<arguments>
<arg>Listing</arg>
<arg>Contact</arg>
</arguments>
<msg timestamp="20200611 11:45:44.418" level="INFO">Opening url 'https://saas-computing-7309-dev-ed.lightning.force.com/lightning/o/Contact/list'</msg>
<status status="PASS" starttime="20200611 11:45:44.418" endtime="20200611 11:45:46.495"></status>
</kw>
<kw name="Sleep" library="BuiltIn">
<doc>Pauses the test executed for the given time.</doc>
<arguments>
<arg>3sec</arg>
</arguments>
<msg timestamp="20200611 11:45:49.497" level="INFO">Slept 3 seconds</msg>
<status status="PASS" starttime="20200611 11:45:46.496" endtime="20200611 11:45:49.497"></status>
</kw>
<status status="PASS" starttime="20200611 11:45:44.417" endtime="20200611 11:45:49.498" critical="yes"></status>
</test>
<kw name="Delete Records and Close Browser" library="Salesforce" type="teardown">
<doc>This will close all open browser windows and then delete
all records created with the Salesforce API during this
testing session.</doc>
<kw name="Close All Browsers" library="SeleniumLibrary">
<doc>Closes all open browsers and resets the browser cache.</doc>
<status status="PASS" starttime="20200611 11:45:49.500" endtime="20200611 11:45:49.600"></status>
</kw>
<kw name="Delete Session Records" library="cumulusci.robotframework.Salesforce">
<doc>Deletes records that were created while running this test case.</doc>
<msg timestamp="20200611 11:45:49.601" level="INFO">Deleting 0 records</msg>
<status status="PASS" starttime="20200611 11:45:49.600" endtime="20200611 11:45:49.601"></status>
</kw>
<status status="PASS" starttime="20200611 11:45:49.500" endtime="20200611 11:45:49.601"></status>
</kw>
<metadata>
<item name="Salesforce API Version">49</item>
</metadata>
<status status="PASS" starttime="20200611 11:45:19.428" endtime="20200611 11:45:49.602"></status>
</suite>
<statistics>
<total>
<stat pass="2" fail="0">Critical Tests</stat>
<stat pass="2" fail="0">All Tests</stat>
</total>
<tag>
</tag>
<suite>
<stat pass="2" fail="0" id="s1" name="Create Contact Ui">Create Contact Ui</stat>
</suite>
</statistics>
<errors>
<msg timestamp="20200611 11:45:19.806" level="ERROR">Error in file '/Users/kselvocki/github/Volunteers-for-Salesforce/robot/v4s/resources/NPSP.robot': Importing test library '/Users/kselvocki/github/Volunteers-for-Salesforce/robot/v4s/resources/NPSP.py' failed: ModuleNotFoundError: No module named 'tasks'
Traceback (most recent call last):
  File "/Users/kselvocki/github/Volunteers-for-Salesforce/robot/v4s/resources/NPSP.py", line 28, in &lt;module&gt;
    from tasks.salesforce_robot_library_base import SalesforceRobotLibraryBase
PYTHONPATH:
  /usr/local/Cellar/cumulusci/3.13.2/libexec/bin
  /usr/local/Cellar/cumulusci/3.13.2/libexec/lib/python3.7/site-packages
  /usr/local/Cellar/python/3.7.7/Frameworks/Python.framework/Versions/3.7/lib/python37.zip
  /usr/local/Cellar/python/3.7.7/Frameworks/Python.framework/Versions/3.7/lib/python3.7
  /usr/local/Cellar/python/3.7.7/Frameworks/Python.framework/Versions/3.7/lib/python3.7/lib-dynload
  /usr/local/lib/python3.7/site-packages
  /Users/kselvocki/github/Volunteers-for-Salesforce</msg>
<msg timestamp="20200611 11:45:19.808" level="WARN">Importing '/Users/kselvocki/github/Volunteers-for-Salesforce/robot/v4s/resources/ContactPageObject.py' failed: File or directory does not exist.</msg>
<msg timestamp="20200611 11:45:19.809" level="WARN">Importing '/Users/kselvocki/github/Volunteers-for-Salesforce/robot/v4s/resources/AccountPageObject.py' failed: File or directory does not exist.</msg>
<msg timestamp="20200611 11:45:19.816" level="WARN">Importing '/Users/kselvocki/github/Volunteers-for-Salesforce/robot/v4s/resources/NPSP.py' failed: ModuleNotFoundError: No module named 'tasks'
Traceback (most recent call last):
  File "/Users/kselvocki/github/Volunteers-for-Salesforce/robot/v4s/resources/NPSP.py", line 28, in &lt;module&gt;
    from tasks.salesforce_robot_library_base import SalesforceRobotLibraryBase
PYTHONPATH:
  /usr/local/Cellar/cumulusci/3.13.2/libexec/bin
  /usr/local/Cellar/cumulusci/3.13.2/libexec/lib/python3.7/site-packages
  /usr/local/Cellar/python/3.7.7/Frameworks/Python.framework/Versions/3.7/lib/python37.zip
  /usr/local/Cellar/python/3.7.7/Frameworks/Python.framework/Versions/3.7/lib/python3.7
  /usr/local/Cellar/python/3.7.7/Frameworks/Python.framework/Versions/3.7/lib/python3.7/lib-dynload
  /usr/local/lib/python3.7/site-packages
  /Users/kselvocki/github/Volunteers-for-Salesforce</msg>
<msg timestamp="20200611 11:45:27.908" level="WARN">Importing '/Users/kselvocki/github/Volunteers-for-Salesforce/robot/v4s/resources/ContactPageObject.py' failed: File or directory does not exist.</msg>
<msg timestamp="20200611 11:45:27.909" level="WARN">Importing '/Users/kselvocki/github/Volunteers-for-Salesforce/robot/v4s/resources/AccountPageObject.py' failed: File or directory does not exist.</msg>
<msg timestamp="20200611 11:45:27.921" level="WARN">Importing '/Users/kselvocki/github/Volunteers-for-Salesforce/robot/v4s/resources/NPSP.py' failed: ModuleNotFoundError: No module named 'tasks'
Traceback (most recent call last):
  File "/Users/kselvocki/github/Volunteers-for-Salesforce/robot/v4s/resources/NPSP.py", line 28, in &lt;module&gt;
    from tasks.salesforce_robot_library_base import SalesforceRobotLibraryBase
PYTHONPATH:
  /usr/local/Cellar/cumulusci/3.13.2/libexec/bin
  /usr/local/Cellar/cumulusci/3.13.2/libexec/lib/python3.7/site-packages
  /usr/local/Cellar/python/3.7.7/Frameworks/Python.framework/Versions/3.7/lib/python37.zip
  /usr/local/Cellar/python/3.7.7/Frameworks/Python.framework/Versions/3.7/lib/python3.7
  /usr/local/Cellar/python/3.7.7/Frameworks/Python.framework/Versions/3.7/lib/python3.7/lib-dynload
  /usr/local/lib/python3.7/site-packages
  /Users/kselvocki/github/Volunteers-for-Salesforce</msg>
</errors>
</robot>
